<?xml version="1.0" encoding="UTF-8"?>
<!-- Generated by org.testng.reporters.JUnitReportReporter -->
<testsuite hostname="DESKTOP-DUL5SSQ" failures="0" tests="1" name="tests.LoginTest" time="23.997" errors="0" timestamp="2023-09-05T18:00:17 EEST" skipped="0">
  <testcase classname="tests.LoginTest" name="login" time="23.997"/>
</testsuite> <!-- tests.LoginTest -->
